<?xml version="1.0" encoding="UTF-8"?>
<coverage generated="1602966339954" clover="3.2.0">
  <project timestamp="1602966339955" name="All files">
    <metrics statements="24" coveredstatements="23" conditionals="9" coveredconditionals="8" methods="5" coveredmethods="5" elements="38" coveredelements="36" complexity="0" loc="24" ncloc="24" packages="1" files="1" classes="1"/>
    <file name="hashtable.js" path="/mnt/c/Users/Dell/projects/401/data-structures-and-algorithms/Data-Structures/hashtable/hashtable.js">
      <metrics statements="24" coveredstatements="23" conditionals="9" coveredconditionals="8" methods="5" coveredmethods="5"/>
      <line num="5" count="6" type="stmt"/>
      <line num="9" count="7" type="stmt"/>
      <line num="10" count="7" type="stmt"/>
      <line num="12" count="7" type="cond" truecount="2" falsecount="0"/>
      <line num="13" count="5" type="stmt"/>
      <line num="15" count="2" type="stmt"/>
      <line num="20" count="4" type="stmt"/>
      <line num="21" count="4" type="stmt"/>
      <line num="23" count="4" type="cond" truecount="2" falsecount="0"/>
      <line num="24" count="1" type="stmt"/>
      <line num="26" count="3" type="stmt"/>
      <line num="27" count="4" type="cond" truecount="2" falsecount="0"/>
      <line num="28" count="3" type="stmt"/>
      <line num="35" count="3" type="stmt"/>
      <line num="36" count="3" type="cond" truecount="1" falsecount="1"/>
      <line num="37" count="0" type="stmt"/>
      <line num="39" count="3" type="stmt"/>
      <line num="44" count="15" type="stmt"/>
      <line num="46" count="15" type="stmt"/>
      <line num="47" count="75" type="stmt"/>
      <line num="50" count="15" type="stmt"/>
      <line num="51" count="15" type="stmt"/>
      <line num="52" count="15" type="stmt"/>
      <line num="56" count="1" type="stmt"/>
    </file>
  </project>
</coverage>
