{"/mnt/c/Users/Dell/projects/401/data-structures-and-algorithms/challenges/mergeSort/merge-sort.js": {"path":"/mnt/c/Users/Dell/projects/401/data-structures-and-algorithms/challenges/mergeSort/merge-sort.js","statementMap":{"0":{"start":{"line":4,"column":10},"end":{"line":4,"column":20}},"1":{"start":{"line":5,"column":2},"end":{"line":7,"column":3}},"2":{"start":{"line":6,"column":4},"end":{"line":6,"column":15}},"3":{"start":{"line":9,"column":14},"end":{"line":9,"column":31}},"4":{"start":{"line":10,"column":15},"end":{"line":10,"column":32}},"5":{"start":{"line":11,"column":16},"end":{"line":11,"column":33}},"6":{"start":{"line":12,"column":2},"end":{"line":12,"column":50}},"7":{"start":{"line":15,"column":19},"end":{"line":15,"column":21}},"8":{"start":{"line":17,"column":4},"end":{"line":23,"column":5}},"9":{"start":{"line":18,"column":6},"end":{"line":22,"column":7}},"10":{"start":{"line":19,"column":8},"end":{"line":19,"column":34}},"11":{"start":{"line":21,"column":8},"end":{"line":21,"column":35}},"12":{"start":{"line":25,"column":4},"end":{"line":27,"column":5}},"13":{"start":{"line":26,"column":6},"end":{"line":26,"column":32}},"14":{"start":{"line":29,"column":4},"end":{"line":31,"column":5}},"15":{"start":{"line":30,"column":6},"end":{"line":30,"column":33}},"16":{"start":{"line":33,"column":4},"end":{"line":33,"column":18}},"17":{"start":{"line":37,"column":0},"end":{"line":37,"column":27}}},"fnMap":{"0":{"name":"mergeSort","decl":{"start":{"line":3,"column":9},"end":{"line":3,"column":18}},"loc":{"start":{"line":3,"column":24},"end":{"line":35,"column":1}},"line":3},"1":{"name":"merge","decl":{"start":{"line":14,"column":11},"end":{"line":14,"column":16}},"loc":{"start":{"line":14,"column":30},"end":{"line":34,"column":3}},"line":14}},"branchMap":{"0":{"loc":{"start":{"line":5,"column":2},"end":{"line":7,"column":3}},"type":"if","locations":[{"start":{"line":5,"column":2},"end":{"line":7,"column":3}},{"start":{"line":5,"column":2},"end":{"line":7,"column":3}}],"line":5},"1":{"loc":{"start":{"line":17,"column":11},"end":{"line":17,"column":38}},"type":"binary-expr","locations":[{"start":{"line":17,"column":11},"end":{"line":17,"column":22}},{"start":{"line":17,"column":26},"end":{"line":17,"column":38}}],"line":17},"2":{"loc":{"start":{"line":18,"column":6},"end":{"line":22,"column":7}},"type":"if","locations":[{"start":{"line":18,"column":6},"end":{"line":22,"column":7}},{"start":{"line":18,"column":6},"end":{"line":22,"column":7}}],"line":18}},"s":{"0":44,"1":44,"2":24,"3":20,"4":20,"5":20,"6":20,"7":20,"8":20,"9":36,"10":16,"11":20,"12":20,"13":12,"14":20,"15":16,"16":20,"17":1},"f":{"0":44,"1":20},"b":{"0":[24,20],"1":[56,46],"2":[16,20]},"_coverageSchema":"1a1c01bbd47fc00a2c39e90264f33305004495a9","hash":"11e13ef80fef690687a0b7466e2f19b6c9174f07"}
}
