{"/mnt/c/Users/Dell/projects/401/data-structures-and-algorithms/Data-Structures/hashtable/hashtable.js": {"path":"/mnt/c/Users/Dell/projects/401/data-structures-and-algorithms/Data-Structures/hashtable/hashtable.js","statementMap":{"0":{"start":{"line":5,"column":4},"end":{"line":5,"column":35}},"1":{"start":{"line":9,"column":18},"end":{"line":9,"column":32}},"2":{"start":{"line":10,"column":29},"end":{"line":10,"column":48}},"3":{"start":{"line":12,"column":4},"end":{"line":16,"column":5}},"4":{"start":{"line":13,"column":6},"end":{"line":13,"column":43}},"5":{"start":{"line":15,"column":6},"end":{"line":15,"column":45}},"6":{"start":{"line":20,"column":18},"end":{"line":20,"column":32}},"7":{"start":{"line":21,"column":26},"end":{"line":21,"column":45}},"8":{"start":{"line":23,"column":4},"end":{"line":31,"column":5}},"9":{"start":{"line":24,"column":6},"end":{"line":24,"column":18}},"10":{"start":{"line":26,"column":6},"end":{"line":30,"column":7}},"11":{"start":{"line":27,"column":8},"end":{"line":29,"column":9}},"12":{"start":{"line":28,"column":10},"end":{"line":28,"column":25}},"13":{"start":{"line":35,"column":18},"end":{"line":35,"column":32}},"14":{"start":{"line":36,"column":4},"end":{"line":40,"column":5}},"15":{"start":{"line":37,"column":6},"end":{"line":37,"column":19}},"16":{"start":{"line":39,"column":6},"end":{"line":39,"column":18}},"17":{"start":{"line":44,"column":14},"end":{"line":44,"column":15}},"18":{"start":{"line":46,"column":4},"end":{"line":48,"column":5}},"19":{"start":{"line":47,"column":6},"end":{"line":47,"column":32}},"20":{"start":{"line":50,"column":19},"end":{"line":50,"column":28}},"21":{"start":{"line":51,"column":18},"end":{"line":51,"column":46}},"22":{"start":{"line":52,"column":4},"end":{"line":52,"column":17}},"23":{"start":{"line":56,"column":0},"end":{"line":56,"column":27}}},"fnMap":{"0":{"name":"(anonymous_0)","decl":{"start":{"line":4,"column":2},"end":{"line":4,"column":3}},"loc":{"start":{"line":4,"column":27},"end":{"line":6,"column":3}},"line":4},"1":{"name":"(anonymous_1)","decl":{"start":{"line":8,"column":2},"end":{"line":8,"column":3}},"loc":{"start":{"line":8,"column":18},"end":{"line":17,"column":3}},"line":8},"2":{"name":"(anonymous_2)","decl":{"start":{"line":19,"column":2},"end":{"line":19,"column":3}},"loc":{"start":{"line":19,"column":11},"end":{"line":32,"column":3}},"line":19},"3":{"name":"(anonymous_3)","decl":{"start":{"line":34,"column":2},"end":{"line":34,"column":3}},"loc":{"start":{"line":34,"column":16},"end":{"line":41,"column":3}},"line":34},"4":{"name":"(anonymous_4)","decl":{"start":{"line":43,"column":2},"end":{"line":43,"column":3}},"loc":{"start":{"line":43,"column":12},"end":{"line":53,"column":3}},"line":43}},"branchMap":{"0":{"loc":{"start":{"line":4,"column":14},"end":{"line":4,"column":25}},"type":"default-arg","locations":[{"start":{"line":4,"column":21},"end":{"line":4,"column":25}}],"line":4},"1":{"loc":{"start":{"line":12,"column":4},"end":{"line":16,"column":5}},"type":"if","locations":[{"start":{"line":12,"column":4},"end":{"line":16,"column":5}},{"start":{"line":12,"column":4},"end":{"line":16,"column":5}}],"line":12},"2":{"loc":{"start":{"line":23,"column":4},"end":{"line":31,"column":5}},"type":"if","locations":[{"start":{"line":23,"column":4},"end":{"line":31,"column":5}},{"start":{"line":23,"column":4},"end":{"line":31,"column":5}}],"line":23},"3":{"loc":{"start":{"line":27,"column":8},"end":{"line":29,"column":9}},"type":"if","locations":[{"start":{"line":27,"column":8},"end":{"line":29,"column":9}},{"start":{"line":27,"column":8},"end":{"line":29,"column":9}}],"line":27},"4":{"loc":{"start":{"line":36,"column":4},"end":{"line":40,"column":5}},"type":"if","locations":[{"start":{"line":36,"column":4},"end":{"line":40,"column":5}},{"start":{"line":36,"column":4},"end":{"line":40,"column":5}}],"line":36}},"s":{"0":6,"1":7,"2":7,"3":7,"4":5,"5":2,"6":4,"7":4,"8":4,"9":1,"10":3,"11":4,"12":3,"13":3,"14":3,"15":0,"16":3,"17":15,"18":15,"19":75,"20":15,"21":15,"22":15,"23":1},"f":{"0":6,"1":7,"2":4,"3":3,"4":15},"b":{"0":[6],"1":[5,2],"2":[1,3],"3":[3,1],"4":[0,3]},"_coverageSchema":"1a1c01bbd47fc00a2c39e90264f33305004495a9","hash":"cb936d20859a9383a4f3c67a8e8ed60267345c2e"}
}
