TN:
SF:Data-Structures/graph/graph.js
FN:6,(anonymous_0)
FN:15,(anonymous_1)
FN:24,(anonymous_2)
FN:28,(anonymous_3)
FN:36,(anonymous_4)
FN:41,(anonymous_5)
FN:57,(anonymous_6)
FN:67,(anonymous_7)
FN:71,(anonymous_8)
FN:75,(anonymous_9)
FN:81,(anonymous_10)
FN:92,(anonymous_11)
FNF:12
FNH:10
FNDA:12,(anonymous_0)
FNDA:9,(anonymous_1)
FNDA:1,(anonymous_2)
FNDA:6,(anonymous_3)
FNDA:9,(anonymous_4)
FNDA:54,(anonymous_5)
FNDA:54,(anonymous_6)
FNDA:0,(anonymous_7)
FNDA:5,(anonymous_8)
FNDA:30,(anonymous_9)
FNDA:16,(anonymous_10)
FNDA:0,(anonymous_11)
DA:7,12
DA:8,12
DA:16,9
DA:17,9
DA:18,9
DA:25,1
DA:30,6
DA:32,6
DA:33,6
DA:41,9
DA:42,54
DA:43,9
DA:45,54
DA:46,9
DA:50,9
DA:51,0
DA:56,9
DA:57,9
DA:58,54
DA:59,9
DA:61,54
DA:62,9
DA:68,0
DA:73,5
DA:75,5
DA:76,30
DA:77,5
DA:81,5
DA:82,16
DA:83,7
DA:85,9
DA:89,5
DA:94,0
DA:98,1
LF:34
LH:31
BRDA:42,0,0,9
BRDA:42,0,1,45
BRDA:45,1,0,9
BRDA:45,1,1,45
BRDA:50,2,0,0
BRDA:50,2,1,9
BRDA:50,3,0,9
BRDA:50,3,1,9
BRDA:58,4,0,9
BRDA:58,4,1,45
BRDA:61,5,0,9
BRDA:61,5,1,45
BRDA:76,6,0,5
BRDA:76,6,1,25
BRDA:82,7,0,7
BRDA:82,7,1,9
BRF:16
BRH:15
end_of_record
TN:
SF:challenges/getEdge/get-edge.js
FN:3,tripPlanner
FN:7,(anonymous_1)
FN:19,(anonymous_2)
FNF:3
FNH:3
FNDA:4,tripPlanner
FNDA:24,(anonymous_1)
FNDA:6,(anonymous_2)
DA:5,4
DA:6,4
DA:7,4
DA:8,24
DA:9,4
DA:12,4
DA:13,5
DA:14,5
DA:15,2
DA:17,3
DA:18,3
DA:19,1
DA:20,6
DA:21,1
DA:27,2
DA:30,1
LF:16
LH:16
BRDA:8,0,0,4
BRDA:8,0,1,20
BRDA:14,1,0,2
BRDA:14,1,1,3
BRDA:18,2,0,1
BRDA:18,2,1,2
BRDA:20,3,0,1
BRDA:20,3,1,5
BRF:8
BRH:8
end_of_record
