TN:
SF:Data-Structures/hashtable/hashtable.js
FN:4,(anonymous_0)
FN:8,(anonymous_1)
FN:19,(anonymous_2)
FN:34,(anonymous_3)
FN:43,(anonymous_4)
FNF:5
FNH:4
FNDA:7,(anonymous_0)
FNDA:49,(anonymous_1)
FNDA:0,(anonymous_2)
FNDA:55,(anonymous_3)
FNDA:104,(anonymous_4)
DA:5,7
DA:9,49
DA:10,49
DA:12,49
DA:13,49
DA:15,0
DA:20,0
DA:21,0
DA:23,0
DA:24,0
DA:26,0
DA:27,0
DA:28,0
DA:35,55
DA:36,55
DA:37,49
DA:39,6
DA:44,104
DA:46,104
DA:47,368
DA:50,104
DA:51,104
DA:52,104
DA:56,1
LF:24
LH:16
BRDA:4,0,0,7
BRDA:12,1,0,49
BRDA:12,1,1,0
BRDA:23,2,0,0
BRDA:23,2,1,0
BRDA:27,3,0,0
BRDA:27,3,1,0
BRDA:36,4,0,49
BRDA:36,4,1,6
BRF:9
BRH:4
end_of_record
TN:
SF:challenges/repeated-word/repeated-word.js
FN:4,(anonymous_0)
FNF:1
FNH:1
FNDA:7,(anonymous_0)
DA:2,1
DA:4,1
DA:5,7
DA:6,7
DA:8,7
DA:10,7
DA:11,55
DA:12,55
DA:13,55
DA:14,6
DA:16,49
DA:20,1
DA:23,1
LF:13
LH:13
BRDA:13,0,0,6
BRDA:13,0,1,49
BRF:2
BRH:2
end_of_record
